<?xml version="1.0" encoding="UTF-8"?>
<!-- Generated by org.testng.reporters.JUnitXMLReporter -->
<testsuite hostname="WKWIN5154091" ignored="0" name="Default test" tests="3" failures="0" timestamp="29 Aug 2019 18:33:43 GMT" time="0.062" errors="0">
  <testcase name="childTest1" time="0.0" classname="javaConcepts.Child"/>
  <testcase name="childTest2" time="0.0" classname="javaConcepts.Child"/>
  <testcase name="childTest3" time="0.0" classname="javaConcepts.Child"/>
</testsuite> <!-- Default test -->
