<?xml version="1.0" encoding="UTF-8"?>
<!-- Generated by org.testng.reporters.JUnitXMLReporter -->
<testsuite ignored="0" hostname="WKWIN5154091" failures="0" tests="9" name="Test2" time="0.154" errors="0" timestamp="2020-01-12T15:44:45 IST">
  <testcase classname="learnTestNG.ParallelExecution1" name="parallelExecutionTest1" time="0.021"/>
  <testcase classname="learnTestNG.ParallelExecution1" name="parallelExecutionTest1" time="0.032"/>
  <testcase classname="learnTestNG.ParallelExecution1" name="parallelExecutionTest1" time="0.022"/>
  <testcase classname="learnTestNG.ParallelExecution2" name="parallelExecutionTest1" time="0.002"/>
  <testcase classname="learnTestNG.ParallelExecution3" name="parallelExecutionTest1" time="0.002"/>
  <testcase classname="learnTestNG.ParallelExecution2" name="parallelExecutionTest1" time="0.004"/>
  <testcase classname="learnTestNG.ParallelExecution2" name="parallelExecutionTest1" time="0.037"/>
  <testcase classname="learnTestNG.ParallelExecution3" name="parallelExecutionTest1" time="0.019"/>
  <testcase classname="learnTestNG.ParallelExecution3" name="parallelExecutionTest1" time="0.004"/>
</testsuite> <!-- Test2 -->
