<?xml version="1.0" encoding="UTF-8"?>
<!-- Generated by org.testng.reporters.JUnitXMLReporter -->
<testsuite hostname="WKWIN5154091" ignored="0" name="Rerun Failed Test Cases" tests="3" failures="0" timestamp="01 Aug 2019 16:58:46 GMT" time="137.849" errors="0">
  <testcase name="facebookForgottenAccountTest" time="20.033" classname="failedCasesScreenshots.TestCases">
    <skipped/>
  </testcase> <!-- facebookForgottenAccountTest -->
  <testcase name="facebookForgottenAccountTest" time="20.011" classname="failedCasesScreenshots.TestCases">
    <skipped/>
  </testcase> <!-- facebookForgottenAccountTest -->
  <testcase name="facebookForgottenAccountTest" time="20.01" classname="failedCasesScreenshots.TestCases">
    <skipped/>
  </testcase> <!-- facebookForgottenAccountTest -->
</testsuite> <!-- Rerun Failed Test Cases -->
