<?xml version="1.0" encoding="UTF-8"?>
<testng-results skipped="0" failed="0" ignored="0" total="3" passed="3">
  <reporter-output>
  </reporter-output>
  <suite name="Default suite" duration-ms="62" started-at="2019-08-29T18:33:43Z" finished-at="2019-08-29T18:33:43Z">
    <groups>
    </groups>
    <test name="Default test" duration-ms="62" started-at="2019-08-29T18:33:43Z" finished-at="2019-08-29T18:33:43Z">
      <class name="javaConcepts.Child">
        <test-method status="PASS" signature="parentBeforeMethod()[pri:0, instance:javaConcepts.Child@4501b7af]" name="parentBeforeMethod" is-config="true" duration-ms="0" started-at="2019-08-29T18:33:43Z" finished-at="2019-08-29T18:33:43Z">
          <reporter-output>
          </reporter-output>
        </test-method> <!-- parentBeforeMethod -->
        <test-method status="PASS" signature="childTest1()[pri:0, instance:javaConcepts.Child@4501b7af]" name="childTest1" duration-ms="0" started-at="2019-08-29T18:33:43Z" finished-at="2019-08-29T18:33:43Z">
          <reporter-output>
          </reporter-output>
        </test-method> <!-- childTest1 -->
        <test-method status="PASS" signature="parentAfterMethod()[pri:0, instance:javaConcepts.Child@4501b7af]" name="parentAfterMethod" is-config="true" duration-ms="0" started-at="2019-08-29T18:33:43Z" finished-at="2019-08-29T18:33:43Z">
          <reporter-output>
          </reporter-output>
        </test-method> <!-- parentAfterMethod -->
        <test-method status="PASS" signature="childTest3()[pri:0, instance:javaConcepts.Child@4501b7af]" name="childTest3" duration-ms="0" started-at="2019-08-29T18:33:43Z" finished-at="2019-08-29T18:33:43Z">
          <reporter-output>
          </reporter-output>
        </test-method> <!-- childTest3 -->
        <test-method status="PASS" signature="parentAfterMethod()[pri:0, instance:javaConcepts.Child@4501b7af]" name="parentAfterMethod" is-config="true" duration-ms="0" started-at="2019-08-29T18:33:43Z" finished-at="2019-08-29T18:33:43Z">
          <reporter-output>
          </reporter-output>
        </test-method> <!-- parentAfterMethod -->
        <test-method status="PASS" signature="parentBeforeMethod()[pri:0, instance:javaConcepts.Child@4501b7af]" name="parentBeforeMethod" is-config="true" duration-ms="0" started-at="2019-08-29T18:33:43Z" finished-at="2019-08-29T18:33:43Z">
          <reporter-output>
          </reporter-output>
        </test-method> <!-- parentBeforeMethod -->
        <test-method status="PASS" signature="childTest2()[pri:0, instance:javaConcepts.Child@4501b7af]" name="childTest2" duration-ms="0" started-at="2019-08-29T18:33:43Z" finished-at="2019-08-29T18:33:43Z">
          <reporter-output>
          </reporter-output>
        </test-method> <!-- childTest2 -->
        <test-method status="PASS" signature="parentAfterMethod()[pri:0, instance:javaConcepts.Child@4501b7af]" name="parentAfterMethod" is-config="true" duration-ms="0" started-at="2019-08-29T18:33:43Z" finished-at="2019-08-29T18:33:43Z">
          <reporter-output>
          </reporter-output>
        </test-method> <!-- parentAfterMethod -->
        <test-method status="PASS" signature="parentBeforeMethod()[pri:0, instance:javaConcepts.Child@4501b7af]" name="parentBeforeMethod" is-config="true" duration-ms="0" started-at="2019-08-29T18:33:43Z" finished-at="2019-08-29T18:33:43Z">
          <reporter-output>
          </reporter-output>
        </test-method> <!-- parentBeforeMethod -->
      </class> <!-- javaConcepts.Child -->
    </test> <!-- Default test -->
  </suite> <!-- Default suite -->
</testng-results>
